2019-03-03 11:38:44,986 - modules.heatEquation - ERROR - Temperature exceeds 273.16 K
2019-03-03 11:38:44,988 - modules.heatEquation - ERROR - [273.16       273.09348163 272.96728041 272.59044771 272.05624226
 271.27020156 270.53012421 270.06630212 269.80929746 269.7005237
 269.69030794 269.73955849 269.82057939 269.91565394 270.01452724
 270.11189617 270.20541678 270.29431785 270.37852236 270.45813628
 270.53318567 270.60351897 270.66882011 270.72869375 270.7827904
 270.83094079 270.87327187 270.91028216 270.9428631  270.97226302
 271.        ]
2019-03-03 11:38:44,992 - modules.heatEquation - ERROR - [273.1600000000001, 273.0934498633685, 272.9673808396802, 272.5907279464291, 272.0562942390091, 271.270229309846, 270.53014619194477, 270.06631858252, 269.80930925074995, 269.70053153870464, 269.6903126681811, 269.73956101508276, 269.8205805100949, 269.9156542461621, 270.0145271209979, 270.1118958617592, 270.20541640867054, 270.29431747453157, 270.3785219921931, 270.45813591653706, 270.53318529498864, 270.6035185728508, 270.6688196772099, 270.7286932945606, 270.78278992854604, 270.83094032468256, 270.87327144170933, 270.910281809307, 270.9428628493738, 270.9722628852247, 271.0]
2019-03-03 11:38:44,994 - modules.heatEquation - ERROR - Temperature exceeds 273.16 K
2019-03-03 11:38:44,996 - modules.heatEquation - ERROR - [273.16       273.09344986 272.96738084 272.59072795 272.05629424
 271.27022931 270.53014619 270.06631858 269.80930925 269.70053154
 269.69031267 269.73956102 269.82058051 269.91565425 270.01452712
 270.11189586 270.20541641 270.29431747 270.37852199 270.45813592
 270.53318529 270.60351857 270.66881968 270.72869329 270.78278993
 270.83094032 270.87327144 270.91028181 270.94286285 270.97226289
 271.        ]
2019-03-03 11:38:45,000 - modules.heatEquation - ERROR - [273.1600000000001, 273.0934258923554, 272.96748014875084, 272.59100767363987, 272.0563463002603, 271.2702570666539, 270.53016817533455, 270.06633504035227, 269.80932104647303, 269.70053938165205, 269.6903174003619, 269.739563543313, 269.8205816284793, 269.9156545484835, 270.0145270013045, 270.1118955555342, 270.2054160410694, 270.2943171007977, 270.3785216268907, 270.4581355533074, 270.53318491969884, 270.6035181724091, 270.6688192453106, 270.7286928348497, 270.78278945536647, 270.8309398616059, 270.8732710183038, 270.9102814568375, 270.94286259624124, 270.97226275289563, 271.0]
2019-03-03 11:38:45,002 - modules.heatEquation - ERROR - Temperature exceeds 273.16 K
2019-03-03 11:38:45,003 - modules.heatEquation - ERROR - [273.16       273.09342589 272.96748015 272.59100767 272.0563463
 271.27025707 270.53016818 270.06633504 269.80932105 269.70053938
 269.6903174  269.73956354 269.82058163 269.91565455 270.014527
 270.11189556 270.20541604 270.2943171  270.37852163 270.45813555
 270.53318492 270.60351817 270.66881925 270.72869283 270.78278946
 270.83093986 270.87327102 270.91028146 270.9428626  270.97226275
 271.        ]
2019-03-03 11:38:45,008 - modules.heatEquation - ERROR - [273.1600000000001, 273.0934087598567, 272.96757846972326, 272.591286887535, 272.0563984418983, 271.27028482587446, 270.53019015874406, 270.0663514982532, 269.80933284225256, 269.7005472246665, 269.6903221326149, 269.7395660716065, 269.820582746911, 269.91565485083623, 270.0145268816298, 270.11189524931916, 270.2054156734726, 270.29431672706494, 270.37852126158776, 270.45813519007663, 270.53318454440796, 270.6035177719669, 270.6688188134116, 270.72869237513993, 270.7827889821888, 270.83093939853154, 270.87327059490076, 270.91028110437026, 270.94286234311045, 270.97226262056745, 271.0]
2019-03-03 11:38:45,010 - modules.heatEquation - ERROR - Temperature exceeds 273.16 K
2019-03-03 11:38:45,011 - modules.heatEquation - ERROR - [273.16       273.09340876 272.96757847 272.59128689 272.05639844
 271.27028483 270.53019016 270.0663515  269.80933284 269.70054722
 269.69032213 269.73956607 269.82058275 269.91565485 270.01452688
 270.11189525 270.20541567 270.29431673 270.37852126 270.45813519
 270.53318454 270.60351777 270.66881881 270.72869238 270.78278898
 270.8309394  270.87327059 270.9102811  270.94286234 270.97226262
 271.        ]
2019-03-03 11:38:45,014 - modules.heatEquation - ERROR - [273.1600000000001, 273.0933976248243, 272.96767592189207, 272.5915655876991, 272.0564506636869, 271.27031258751686, 270.53021214217347, 270.06636795622285, 269.80934463808853, 269.7005550677479, 269.69032686494, 269.7395685999631, 269.8205838653899, 269.9156551532203, 270.01452676197385, 270.11189494311407, 270.2054153058802, 270.29431635333333, 270.37852089628433, 270.45813482684474, 270.53318416911605, 270.60351737152416, 270.66881838151284, 270.7286919154313, 270.78278850901296, 270.8309389354596, 270.8732701715002, 270.9102807519053, 270.94286208998136, 270.9722624882402, 271.0]
2019-03-03 11:38:45,016 - modules.heatEquation - ERROR - Temperature exceeds 273.16 K
2019-03-03 11:38:45,017 - modules.heatEquation - ERROR - [273.16       273.09339762 272.96767592 272.59156559 272.05645066
 271.27031259 270.53021214 270.06636796 269.80934464 269.70055507
 269.69032686 269.7395686  269.82058387 269.91565515 270.01452676
 270.11189494 270.20541531 270.29431635 270.3785209  270.45813483
 270.53318417 270.60351737 270.66881838 270.72869192 270.78278851
 270.83093894 270.87327017 270.91028075 270.94286209 270.97226249
 271.        ]
2019-03-03 11:38:45,020 - modules.heatEquation - ERROR - [273.1600000000001, 273.0933917495578, 272.9677726096227, 272.59184377393916, 272.05650296539005, 271.2703403515902, 270.530234125623, 270.0663844142612, 269.80935643398095, 269.7005629108964, 269.6903315973373, 269.7395711283829, 269.8205849839161, 269.9156554556358, 270.01452664233665, 270.1118946369189, 270.2054149382922, 270.2943159796029, 270.3785205309804, 270.4581344636117, 270.5331837938231, 270.6035169710809, 270.6688179496144, 270.7286914557238, 270.782788035839, 270.83093847238996, 270.8732697481022, 270.9102803994426, 270.942861836854, 270.9722623559138, 271.0]
2019-03-03 11:38:45,023 - modules.heatEquation - ERROR - Temperature exceeds 273.16 K
2019-03-03 11:38:45,025 - modules.heatEquation - ERROR - [273.16       273.09339175 272.96777261 272.59184377 272.05650297
 271.27034035 270.53023413 270.06638441 269.80935643 269.70056291
 269.6903316  269.73957113 269.82058498 269.91565546 270.01452664
 270.11189464 270.20541494 270.29431598 270.37852053 270.45813446
 270.53318379 270.60351697 270.66881795 270.72869146 270.78278804
 270.83093847 270.87326975 270.9102804  270.94286184 270.97226236
 271.        ]
2019-03-03 11:38:45,029 - modules.heatEquation - ERROR - [273.1600000000001, 273.0933904869937, 272.96786862419236, 272.5921214462561, 272.0565553467716, 271.27036811810376, 270.5302561090929, 270.06640087236826, 269.8093682299298, 269.7005707541118, 269.69033632980677, 269.73957365686596, 269.82058610248953, 269.9156557580826, 270.0145265227182, 270.1118943307338, 270.2054145707086, 270.29431560587363, 270.3785201656759, 270.45813410037755, 270.5331834185292, 270.60351657063717, 270.6688175177162, 270.7286909960174, 270.78278756266695, 270.8309380093227, 270.8732693247066, 270.91028004698217, 270.9428615837283, 270.97226222358836, 271.0]
2019-03-03 11:38:45,031 - modules.heatEquation - ERROR - Temperature exceeds 273.16 K
2019-03-03 11:38:45,032 - modules.heatEquation - ERROR - [273.16       273.09339049 272.96786862 272.59212145 272.05655535
 271.27036812 270.53025611 270.06640087 269.80936823 269.70057075
 269.69033633 269.73957366 269.8205861  269.91565576 270.01452652
 270.11189433 270.20541457 270.29431561 270.37852017 270.4581341
 270.53318342 270.60351657 270.66881752 270.728691   270.78278756
 270.83093801 270.87326932 270.91028005 270.94286158 270.97226222
 271.        ]
2019-03-03 11:38:45,036 - modules.heatEquation - ERROR - [273.1600000000001, 273.09339326955916, 272.9679640454037, 272.59239860482, 272.0566078075956, 271.27039588706657, 270.5302780925832, 270.066417330544, 269.8093800259351, 269.70057859739427, 269.6903410623484, 269.73957618541215, 269.8205872211102, 269.91565606056076, 270.01452640311845, 270.1118940245586, 270.2054142031294, 270.29431523214555, 270.378519800371, 270.4581337371423, 270.53318304323415, 270.60351617019296, 270.6688170858184, 270.7286905363122, 270.78278708949676, 270.8309375462578, 270.8732689013135, 270.910279694524, 270.94286133060433, 270.9722620912639, 271.0]
2019-03-03 11:38:45,040 - modules.heatEquation - ERROR - Temperature exceeds 273.16 K
2019-03-03 11:38:45,043 - modules.heatEquation - ERROR - [273.16       273.09339327 272.96796405 272.5923986  272.05660781
 271.27039589 270.53027809 270.06641733 269.80938003 269.7005786
 269.69034106 269.73957619 269.82058722 269.91565606 270.0145264
 270.11189402 270.2054142  270.29431523 270.3785198  270.45813374
 270.53318304 270.60351617 270.66881709 270.72869054 270.78278709
 270.83093755 270.8732689  270.91027969 270.94286133 270.97226209
 271.        ]
2019-03-03 11:38:45,048 - modules.heatEquation - ERROR - [273.1600000000001, 273.09339959939564, 272.9680589430005, 272.5926752499484, 272.0566603476263, 271.27042365848774, 270.53030007609425, 270.06643378878846, 269.8093918219969, 269.70058644074373, 269.6903457949622, 269.73957871402155, 269.8205883397781, 269.9156563630703, 270.01452628353746, 270.11189371839333, 270.2054138355546, 270.2943148584186, 270.3785194350656, 270.4581333739059, 270.5331826679381, 270.60351576974824, 270.6688166539208, 270.7286900766081, 270.78278661632845, 270.83093708319524, 270.8732684779229, 270.91027934206807, 270.94286107748206, 270.9722619589403, 271.0]
2019-03-03 11:38:45,051 - modules.heatEquation - ERROR - Temperature exceeds 273.16 K
2019-03-03 11:38:45,054 - modules.heatEquation - ERROR - [273.16       273.0933996  272.96805894 272.59267525 272.05666035
 271.27042366 270.53030008 270.06643379 269.80939182 269.70058644
 269.69034579 269.73957871 269.82058834 269.91565636 270.01452628
 270.11189372 270.20541384 270.29431486 270.37851944 270.45813337
 270.53318267 270.60351577 270.66881665 270.72869008 270.78278662
 270.83093708 270.87326848 270.91027934 270.94286108 270.97226196
 271.        ]
2019-03-03 11:38:45,061 - modules.heatEquation - ERROR - [273.1600000000001, 273.09340903978585, 272.9681533779094, 272.59295138208716, 272.0567129666282, 271.2704514323763, 270.5303220596262, 270.06645024710156, 269.80940361811514, 269.70059428416016, 269.6903505276481, 269.7395812426941, 269.8205894584933, 269.9156566656112, 270.01452616397523, 270.11189341223803, 270.2054134679842, 270.2943144846928, 270.37851906975965, 270.4581330106684, 270.533182292641, 270.603515369303, 270.66881622202357, 270.7286896169051, 270.782786143162, 270.83093662013505, 270.87326805453483, 270.9102789896144, 270.9428608243615, 270.9722618266176, 271.0]
2019-03-03 11:38:45,064 - modules.heatEquation - ERROR - Temperature exceeds 273.16 K
2019-03-03 11:38:45,066 - modules.heatEquation - ERROR - [273.16       273.09340904 272.96815338 272.59295138 272.05671297
 271.27045143 270.53032206 270.06645025 269.80940362 269.70059428
 269.69035053 269.73958124 269.82058946 269.91565667 270.01452616
 270.11189341 270.20541347 270.29431448 270.37851907 270.45813301
 270.53318229 270.60351537 270.66881622 270.72868962 270.78278614
 270.83093662 270.87326805 270.91027899 270.94286082 270.97226183
 271.        ]
2019-03-03 11:38:45,079 - modules.heatEquation - ERROR - [273.1600000000001, 273.0934212076347, 272.96824740332795, 272.59322700179393, 272.05676566436614, 271.27047920874134, 270.53034404317924, 270.0664667054833, 269.80941541428984, 269.7006021276436, 269.6903552604062, 269.73958377142986, 269.82059057725576, 269.91565696818344, 270.01452604443176, 270.1118931060927, 270.2054131004182, 270.2943141109682, 270.3785187044532, 270.45813264742975, 270.53318191734286, 270.60351496885727, 270.6688157901266, 270.7286891572033, 270.78278566999745, 270.8309361570772, 270.8732676311492, 270.91027863716306, 270.94286057124265, 270.97226169429587, 271.0]
2019-03-03 11:38:45,084 - modules.heatEquation - ERROR - Temperature exceeds 273.16 K
2019-03-03 11:38:45,086 - modules.heatEquation - ERROR - [273.16       273.09342121 272.9682474  272.593227   272.05676566
 271.27047921 270.53034404 270.06646671 269.80941541 269.70060213
 269.69035526 269.73958377 269.82059058 269.91565697 270.01452604
 270.11189311 270.2054131  270.29431411 270.3785187  270.45813265
 270.53318192 270.60351497 270.66881579 270.72868916 270.78278567
 270.83093616 270.87326763 270.91027864 270.94286057 270.97226169
 271.        ]
2019-03-03 11:38:45,091 - modules.heatEquation - ERROR - [273.1600000000001, 273.09343576687536, 272.9683410656797, 272.5935021097233, 272.05681844060524, 271.2705069875917, 270.5303660267536, 270.06648316393375, 269.809427210521, 269.70060997119407, 269.6903599932364, 269.73958630022884, 269.82059169606543, 269.91565727078705, 270.014525924907, 270.11189279995733, 270.2054127328566, 270.2943137372447, 270.37851833914624, 270.45813228418996, 270.5331815420437, 270.603514568411, 270.6688153582299, 270.7286886975026, 270.78278519683477, 270.8309356940217, 270.87326720776605, 270.9102782847139, 270.9428603181255, 270.972261561975, 271.0]
2019-03-03 11:38:45,094 - modules.heatEquation - ERROR - Temperature exceeds 273.16 K
2019-03-03 11:38:45,095 - modules.heatEquation - ERROR - [273.16       273.09343577 272.96834107 272.59350211 272.05681844
 271.27050699 270.53036603 270.06648316 269.80942721 269.70060997
 269.69035999 269.7395863  269.8205917  269.91565727 270.01452592
 270.1118928  270.20541273 270.29431374 270.37851834 270.45813228
 270.53318154 270.60351457 270.66881536 270.7286887  270.7827852
 270.83093569 270.87326721 270.91027828 270.94286032 270.97226156
 271.        ]
2019-03-03 11:38:45,102 - modules.heatEquation - ERROR - [273.1600000000001, 273.0934524226861, 272.96843440545103, 272.5937767066142, 272.056871295111, 271.2705347689365, 270.53038801034944, 270.06649962245285, 269.8094390068086, 269.7006178148115, 269.6903647261388, 269.73958882909096, 269.82059281492235, 269.91565757342204, 270.014525805401, 270.11189249383193, 270.20541236529937, 270.2943133635224, 270.37851797383877, 270.4581319209491, 270.5331811667435, 270.60351416796425, 270.6688149263335, 270.7286882378031, 270.78278472367396, 270.8309352309686, 270.8732667843854, 270.91027793226704, 270.94286006501005, 270.9722614296551, 271.0]
2019-03-03 11:38:45,105 - modules.heatEquation - ERROR - Temperature exceeds 273.16 K
2019-03-03 11:38:45,106 - modules.heatEquation - ERROR - [273.16       273.09345242 272.96843441 272.59377671 272.0568713
 271.27053477 270.53038801 270.06649962 269.80943901 269.70061781
 269.69036473 269.73958883 269.82059281 269.91565757 270.01452581
 270.11189249 270.20541237 270.29431336 270.37851797 270.45813192
 270.53318117 270.60351417 270.66881493 270.72868824 270.78278472
 270.83093523 270.87326678 270.91027793 270.94286007 270.97226143
 271.        ]
2019-03-03 11:38:45,110 - modules.heatEquation - ERROR - [273.1600000000001, 273.09347091641865, 272.96852745792575, 272.5940507932785, 272.0569242276494, 271.2705625527846, 270.530409993967, 270.0665160810406, 269.8094508031527, 269.70062565849594, 269.69036945911336, 269.7395913580163, 269.82059393382656, 269.91565787608835, 270.0145256859137, 270.1118921877165, 270.2054119977465, 270.29431298980126, 270.3785176085308, 270.4581315577071, 270.5331807914422, 270.60351376751703, 270.66881449443736, 270.72868777810476, 270.782784250515, 270.83093476791777, 270.87326636100727, 270.91027757982243, 270.9428598118963, 270.97226129733605, 271.0]
2019-03-03 11:38:45,113 - modules.heatEquation - ERROR - Temperature exceeds 273.16 K
2019-03-03 11:38:45,115 - modules.heatEquation - ERROR - [273.16       273.09347092 272.96852746 272.59405079 272.05692423
 271.27056255 270.53040999 270.06651608 269.8094508  269.70062566
 269.69036946 269.73959136 269.82059393 269.91565788 270.01452569
 270.11189219 270.205412   270.29431299 270.37851761 270.45813156
 270.53318079 270.60351377 270.66881449 270.72868778 270.78278425
 270.83093477 270.87326636 270.91027758 270.94285981 270.9722613
 271.        ]
2019-03-03 11:38:45,119 - modules.heatEquation - ERROR - [273.1600000000001, 273.0934910211505, 272.9686202538283, 272.5943243705911, 272.05697723798676, 271.2705903391449, 270.53043197760644, 270.06653253969705, 269.8094625995532, 269.7006335022474, 269.69037419216005, 269.7395938870048, 269.820595052778, 269.91565817878603, 270.0145255664452, 270.111891881611, 270.2054116301981, 270.29431261608124, 270.3785172432223, 270.45813119446393, 270.5331804161399, 270.6035133670693, 270.6688140625415, 270.72868731840754, 270.78278377735796, 270.83093430486934, 270.8732659376316, 270.9102772273801, 270.9428595587843, 270.972261165018, 271.0]
2019-03-03 11:38:45,120 - modules.heatEquation - ERROR - Temperature exceeds 273.16 K
2019-03-03 11:38:45,123 - modules.heatEquation - ERROR - [273.16       273.09349102 272.96862025 272.59432437 272.05697724
 271.27059034 270.53043198 270.06653254 269.8094626  269.7006335
 269.69037419 269.73959389 269.82059505 269.91565818 270.01452557
 270.11189188 270.20541163 270.29431262 270.37851724 270.45813119
 270.53318042 270.60351337 270.66881406 270.72868732 270.78278378
 270.8309343  270.87326594 270.91027723 270.94285956 270.97226117
 271.        ]
2019-03-03 11:38:45,128 - modules.heatEquation - ERROR - [273.1600000000001, 273.0935125377837, 272.9687128198888, 272.59459743948156, 272.05703032588985, 271.27061812802634, 270.530453961268, 270.06654899842215, 269.8094743960102, 269.7006413460658, 269.6903789252789, 269.7395964160565, 269.8205961717767, 269.9156584815151, 270.0145254469954, 270.1118915755155, 270.2054112626541, 270.2943122423624, 270.3785168779133, 270.45813083121965, 270.53318004083656, 270.60351296662105, 270.66881363064596, 270.72868685871146, 270.7827833042028, 270.83093384182325, 270.8732655142584, 270.91027687494, 270.94285930567395, 270.9722610327008, 271.0]
2019-03-03 11:38:45,131 - modules.heatEquation - ERROR - Temperature exceeds 273.16 K
2019-03-03 11:38:45,133 - modules.heatEquation - ERROR - [273.16       273.09351254 272.96871282 272.59459744 272.05703033
 271.27061813 270.53045396 270.066549   269.8094744  269.70064135
 269.69037893 269.73959642 269.82059617 269.91565848 270.01452545
 270.11189158 270.20541126 270.29431224 270.37851688 270.45813083
 270.53318004 270.60351297 270.66881363 270.72868686 270.7827833
 270.83093384 270.87326551 270.91027687 270.94285931 270.97226103
 271.        ]
2019-03-03 11:38:45,139 - modules.heatEquation - ERROR - [273.1600000000001, 273.09353529162405, 272.9688051793378, 272.5948700009264, 272.05708349112604, 271.2706459194377, 270.53047594495183, 270.0665654572159, 269.8094861925237, 269.70064918995126, 269.69038365846984, 269.7395989451714, 269.8205972908226, 269.9156587842755, 270.01452532756434, 270.1118912694299, 270.2054108951145, 270.29431186864474, 270.3785165126038, 270.4581304679743, 270.53317966553215, 270.6035125661723, 270.66881319875074, 270.7286863990165, 270.7827828310495, 270.83093337877955, 270.8732650908877, 270.91027652250216, 270.9428590525653, 270.9722609003846, 271.0]
2019-03-03 11:38:45,142 - modules.heatEquation - ERROR - Temperature exceeds 273.16 K
2019-03-03 11:38:45,147 - modules.heatEquation - ERROR - [273.16       273.09353529 272.96880518 272.59487    272.05708349
 271.27064592 270.53047594 270.06656546 269.80948619 269.70064919
 269.69038366 269.73959895 269.82059729 269.91565878 270.01452533
 270.11189127 270.2054109  270.29431187 270.37851651 270.45813047
 270.53317967 270.60351257 270.6688132  270.7286864  270.78278283
 270.83093338 270.87326509 270.91027652 270.94285905 270.9722609
 271.        ]
2019-03-03 11:38:45,152 - modules.heatEquation - ERROR - [273.1600000000001, 273.093559129381, 272.9688973523404, 272.5951420559424, 272.0571367334631, 271.2706737133878, 270.5304979286582, 270.0665819160783, 269.80949798909364, 269.7006570339037, 269.69038839173294, 269.73960147434946, 269.8205984099158, 269.91565908706724, 270.01452520815207, 270.1118909633543, 270.20541052757926, 270.29431149492825, 270.37851614729385, 270.4581301047278, 270.5331792902267, 270.60351216572303, 270.6688127668558, 270.7286859393227, 270.78278235789804, 270.8309329157382, 270.8732646675195, 270.9102761700666, 270.9428587994584, 270.97226076806925, 271.0]
2019-03-03 11:38:45,153 - modules.heatEquation - ERROR - Temperature exceeds 273.16 K
2019-03-03 11:38:45,155 - modules.heatEquation - ERROR - [273.16       273.09355913 272.96889735 272.59514206 272.05713673
 271.27067371 270.53049793 270.06658192 269.80949799 269.70065703
 269.69038839 269.73960147 269.82059841 269.91565909 270.01452521
 270.11189096 270.20541053 270.29431149 270.37851615 270.4581301
 270.53317929 270.60351217 270.66881277 270.72868594 270.78278236
 270.83093292 270.87326467 270.91027617 270.9428588  270.97226077
 271.        ]
2019-03-03 11:38:45,158 - modules.heatEquation - ERROR - [273.1600000000001, 273.09358391653603, 272.96898935637705, 272.595413605581, 272.0571900526694, 271.2707015098854, 270.53051991238726, 270.06659837500933, 269.8095097857201, 269.70066487792315, 269.6903931250682, 269.7396040035907, 269.82059952905627, 269.9156593898904, 270.0145250887585, 270.1118906572887, 270.2054101600484, 270.2943111212129, 270.37851578198337, 270.45812974148015, 270.53317891492026, 270.6035117652733, 270.66881233496116, 270.72868547963003, 270.7827818847485, 270.83093245269913, 270.87326424415375, 270.9102758176333, 270.9428585463532, 270.9722606357548, 271.0]
2019-03-03 11:38:45,163 - modules.heatEquation - ERROR - Temperature exceeds 273.16 K
2019-03-03 11:38:45,165 - modules.heatEquation - ERROR - [273.16       273.09358392 272.96898936 272.59541361 272.05719005
 271.27070151 270.53051991 270.06659838 269.80950979 269.70066488
 269.69039313 269.739604   269.82059953 269.91565939 270.01452509
 270.11189066 270.20541016 270.29431112 270.37851578 270.45812974
 270.53317891 270.60351177 270.66881233 270.72868548 270.78278188
 270.83093245 270.87326424 270.91027582 270.94285855 270.97226064
 271.        ]
2019-03-03 11:38:45,168 - modules.heatEquation - ERROR - [273.1600000000001, 273.0936095350354, 272.9690812065772, 272.5956846509229, 272.0572434485137, 271.2707293089393, 270.53054189613925, 270.066614834009, 269.80952158240297, 269.7006727220096, 269.69039785847565, 269.73960653289515, 269.82060064824395, 269.9156596927449, 270.0145249693837, 270.11189035123306, 270.205409792522, 270.29431074749874, 270.37851541667237, 270.4581293782314, 270.5331785396127, 270.6035113648231, 270.6688119030668, 270.7286850199385, 270.7827814116008, 270.8309319896625, 270.8732638207905, 270.91027546520223, 270.9428582932497, 270.9722605034413, 271.0]
2019-03-03 11:38:45,170 - modules.heatEquation - ERROR - Temperature exceeds 273.16 K
2019-03-03 11:38:45,171 - modules.heatEquation - ERROR - [273.16       273.09360954 272.96908121 272.59568465 272.05724345
 271.27072931 270.5305419  270.06661483 269.80952158 269.70067272
 269.69039786 269.73960653 269.82060065 269.91565969 270.01452497
 270.11189035 270.20540979 270.29431075 270.37851542 270.45812938
 270.53317854 270.60351136 270.6688119  270.72868502 270.78278141
 270.83093199 270.87326382 270.91027547 270.94285829 270.9722605
 271.        ]
2019-03-03 11:38:45,175 - modules.heatEquation - ERROR - [273.1600000000001, 273.093635881266, 272.9691729160119, 272.5959551930742, 272.0572969207654, 271.2707571105582, 270.5305638799144, 270.06663129307725, 269.80953337914235, 269.70068056616304, 269.6904025919552, 269.7396090622628, 269.8206017674789, 269.91565999563073, 270.0145248500276, 270.11189004518735, 270.20540942499997, 270.2943103737857, 270.37851505136086, 270.45812901498147, 270.53317816430416, 270.60351096437233, 270.6688114711727, 270.7286845602481, 270.782780938455, 270.83093152662815, 270.87326339742975, 270.91027511277343, 270.9428580401479, 270.9722603711287, 271.0]
2019-03-03 11:38:45,177 - modules.heatEquation - ERROR - Temperature exceeds 273.16 K
2019-03-03 11:38:45,178 - modules.heatEquation - ERROR - [273.16       273.09363588 272.96917292 272.59595519 272.05729692
 271.27075711 270.53056388 270.06663129 269.80953338 269.70068057
 269.69040259 269.73960906 269.82060177 269.91566    270.01452485
 270.11189005 270.20540942 270.29431037 270.37851505 270.45812901
 270.53317816 270.60351096 270.66881147 270.72868456 270.78278094
 270.83093153 270.8732634  270.91027511 270.94285804 270.97226037
 271.        ]
2019-03-03 11:38:45,181 - modules.heatEquation - ERROR - [273.1600000000001, 273.09366286428076, 272.9692644959507, 272.59622523316176, 272.05735046919443, 271.2707849147508, 270.5305858637128, 270.0666477522142, 269.8095451759382, 269.70068841038346, 269.6904073255069, 269.7396115916936, 269.8206028867611, 269.91566029854795, 270.0145247306903, 270.1118897391516, 270.2054090574823, 270.29431000007384, 270.37851468604885, 270.4581286517305, 270.5331777889946, 270.6035105639211, 270.6688110392789, 270.72868410055884, 270.7827804653111, 270.83093106359615, 270.8732629740715, 270.9102747603469, 270.9428577870478, 270.972260238817, 271.0]
2019-03-03 11:38:45,183 - modules.heatEquation - ERROR - Temperature exceeds 273.16 K
2019-03-03 11:38:45,184 - modules.heatEquation - ERROR - [273.16       273.09366286 272.9692645  272.59622523 272.05735047
 271.27078491 270.53058586 270.06664775 269.80954518 269.70068841
 269.69040733 269.73961159 269.82060289 269.9156603  270.01452473
 270.11188974 270.20540906 270.29431    270.37851469 270.45812865
 270.53317779 270.60351056 270.66881104 270.7286841  270.78278047
 270.83093106 270.87326297 270.91027476 270.94285779 270.97226024
 271.        ]
2019-03-03 11:38:45,187 - modules.heatEquation - ERROR - [273.1600000000001, 273.09369040424195, 272.9693559560863, 272.59649477233046, 272.0574040935712, 271.2708127215257, 270.5306078475348, 270.0666642114197, 269.8095569727905, 269.7006962546709, 269.6904120591307, 269.73961412118757, 269.82060400609055, 269.91566060149654, 270.0145246113717, 270.11188943312584, 270.2054086899691, 270.29430962636314, 270.3785143207363, 270.45812828847835, 270.5331774136839, 270.6035101634693, 270.6688106073854, 270.7286836408707, 270.782779992169, 270.83093060056655, 270.8732625507157, 270.91027440792266, 270.9428575339494, 270.97226010650627, 271.0]
2019-03-03 11:38:45,189 - modules.heatEquation - ERROR - Temperature exceeds 273.16 K
2019-03-03 11:38:45,190 - modules.heatEquation - ERROR - [273.16       273.0936904  272.96935596 272.59649477 272.05740409
 271.27081272 270.53060785 270.06666421 269.80955697 269.70069625
 269.69041206 269.73961412 269.82060401 269.9156606  270.01452461
 270.11188943 270.20540869 270.29430963 270.37851432 270.45812829
 270.53317741 270.60351016 270.66881061 270.72868364 270.78277999
 270.8309306  270.87326255 270.91027441 270.94285753 270.97226011
 271.        ]
2019-03-03 11:38:45,194 - modules.heatEquation - ERROR - [273.1600000000001, 273.09371843105606, 272.969447304732, 272.59676381173983, 272.0574577936668, 271.27084053089163, 270.5306298313805, 270.06668067069387, 269.80956876969935, 269.7007040990253, 269.6904167928267, 269.7396166507447, 269.82060512546724, 269.91566090447645, 270.01452449207187, 270.11188912711003, 270.20540832246024, 270.2943092526536, 270.3785139554233, 270.4581279252251, 270.53317703837223, 270.60350976301703, 270.6688101754922, 270.7286831811837, 270.78277951902885, 270.83093013753927, 270.8732621273624, 270.9102740555006, 270.9428572808527, 270.97225997419645, 271.0]
2019-03-03 11:38:45,197 - modules.heatEquation - ERROR - Temperature exceeds 273.16 K
2019-03-03 11:38:45,198 - modules.heatEquation - ERROR - [273.16       273.09371843 272.9694473  272.59676381 272.05745779
 271.27084053 270.53062983 270.06668067 269.80956877 269.7007041
 269.69041679 269.73961665 269.82060513 269.9156609  270.01452449
 270.11188913 270.20540832 270.29430925 270.37851396 270.45812793
 270.53317704 270.60350976 270.66881018 270.72868318 270.78277952
 270.83093014 270.87326213 270.91027406 270.94285728 270.97225997
 271.        ]
2019-03-03 11:38:45,202 - modules.heatEquation - ERROR - [273.1600000000001, 273.09374688317644, 272.96953854899465, 272.59703235256165, 272.0575115692527, 271.27086834285717, 270.53065181525017, 270.06669713003663, 269.80958056666464, 269.7007119434467, 269.6904215265948, 269.7396191803651, 269.82060624489117, 269.91566120748774, 270.0145243727908, 270.1118888211042, 270.20540795495583, 270.29430887894523, 270.3785135901098, 270.4581275619707, 270.5331766630595, 270.6035093625643, 270.66880974359924, 270.7286827214979, 270.78277904589055, 270.8309296745144, 270.8732617040116, 270.91027370308086, 270.9428570277578, 270.97225984188754, 271.0]
2019-03-03 11:38:45,203 - modules.heatEquation - ERROR - Temperature exceeds 273.16 K
2019-03-03 11:38:45,205 - modules.heatEquation - ERROR - [273.16       273.09374688 272.96953855 272.59703235 272.05751157
 271.27086834 270.53065182 270.06669713 269.80958057 269.70071194
 269.69042153 269.73961918 269.82060624 269.91566121 270.01452437
 270.11188882 270.20540795 270.29430888 270.37851359 270.45812756
 270.53317666 270.60350936 270.66880974 270.72868272 270.78277905
 270.83092967 270.8732617  270.9102737  270.94285703 270.97225984
 271.        ]
2019-03-03 11:38:45,209 - modules.heatEquation - ERROR - [273.1600000000001, 273.0937757065534, 272.9696296949263, 272.5973003959776, 272.0575654201012, 271.27089615743085, 270.530673799144, 270.066713589448, 269.8095923636864, 269.70071978793516, 269.690426260435, 269.7396217100486, 269.8206073643624, 269.9156615105304, 270.01452425352846, 270.1118885151083, 270.2054075874558, 270.294308505238, 270.37851322479577, 270.4581271987152, 270.53317628774573, 270.60350896211105, 270.6688093117066, 270.7286822618132, 270.7827785727541, 270.8309292114918, 270.8732612806633, 270.9102733506634, 270.94285677466456, 270.97225970957953, 271.0]
2019-03-03 11:38:45,213 - modules.heatEquation - ERROR - Temperature exceeds 273.16 K
2019-03-03 11:38:45,215 - modules.heatEquation - ERROR - [273.16       273.09377571 272.96962969 272.5973004  272.05756542
 271.27089616 270.5306738  270.06671359 269.80959236 269.70071979
 269.69042626 269.73962171 269.82060736 269.91566151 270.01452425
 270.11188852 270.20540759 270.29430851 270.37851322 270.4581272
 270.53317629 270.60350896 270.66880931 270.72868226 270.78277857
 270.83092921 270.87326128 270.91027335 270.94285677 270.97225971
 271.        ]
2019-03-03 11:38:45,218 - modules.heatEquation - ERROR - [273.1600000000001, 273.0938048537133, 272.9697207476571, 272.5975679431773, 272.0576193459849, 271.27092397462127, 270.5306957830622, 270.066730048928, 269.8096041607647, 269.70072763249055, 269.69043099434737, 269.7396242397953, 269.82060848388085, 269.91566181360446, 270.01452413428484, 270.1118882091224, 270.2054072199602, 270.294308131532, 270.37851285948125, 270.4581268354586, 270.5331759124309, 270.6035085616573, 270.66880887981426, 270.7286818021297, 270.7827780996196, 270.8309287484716, 270.8732608573175, 270.91027299824816, 270.94285652157305, 270.97225957727244, 271.0]
2019-03-03 11:38:45,220 - modules.heatEquation - ERROR - Temperature exceeds 273.16 K
2019-03-03 11:38:45,222 - modules.heatEquation - ERROR - [273.16       273.09380485 272.96972075 272.59756794 272.05761935
 271.27092397 270.53069578 270.06673005 269.80960416 269.70072763
 269.69043099 269.73962424 269.82060848 269.91566181 270.01452413
 270.11188821 270.20540722 270.29430813 270.37851286 270.45812684
 270.53317591 270.60350856 270.66880888 270.7286818  270.7827781
 270.83092875 270.87326086 270.910273   270.94285652 270.97225958
 271.        ]
2019-03-03 11:38:45,226 - modules.heatEquation - ERROR - [273.1600000000001, 273.09383428295104, 272.96981171151185, 272.59783499535655, 272.0576733466771, 271.2709517944369, 270.53071776700494, 270.06674650847657, 269.8096159578995, 269.70073547711297, 269.69043572833186, 269.7396267696052, 269.82060960344654, 269.9156621167098, 270.01452401506, 270.11188790314645, 270.20540685246897, 270.2943077578271, 270.3785124941662, 270.45812647220083, 270.5331755371151, 270.603508161203, 270.66880844792223, 270.7286813424473, 270.7827776264869, 270.83092828545375, 270.87326043397417, 270.91027264583516, 270.94285626848324, 270.97225944496626, 271.0]
2019-03-03 11:38:45,228 - modules.heatEquation - ERROR - Temperature exceeds 273.16 K
2019-03-03 11:38:45,230 - modules.heatEquation - ERROR - [273.16       273.09383428 272.96981171 272.597835   272.05767335
 271.27095179 270.53071777 270.06674651 269.80961596 269.70073548
 269.69043573 269.73962677 269.8206096  269.91566212 270.01452402
 270.1118879  270.20540685 270.29430776 270.37851249 270.45812647
 270.53317554 270.60350816 270.66880845 270.72868134 270.78277763
 270.83092829 270.87326043 270.91027265 270.94285627 270.97225944
 271.        ]
2019-03-03 11:38:45,234 - modules.heatEquation - ERROR - [273.1600000000001, 273.0938639576215, 272.96990259011216, 272.5981015537158, 272.0577274219517, 271.2709796168862, 270.5307397509725, 270.0667629680937, 269.80962775509073, 269.70074332180235, 269.6904404623885, 269.7396292994783, 269.8206107230595, 269.91566241984657, 270.01452389585387, 270.1118875971805, 270.2054064849821, 270.29430738412333, 270.3785121288507, 270.45812610894194, 270.5331751617982, 270.60350776074824, 270.6688080160305, 270.72868088276607, 270.7827771533561, 270.83092782243824, 270.8732600106333, 270.91027229342444, 270.94285601539514, 270.972259312661, 271.0]
2019-03-03 11:38:45,236 - modules.heatEquation - ERROR - Temperature exceeds 273.16 K
2019-03-03 11:38:45,237 - modules.heatEquation - ERROR - [273.16       273.09386396 272.96990259 272.59810155 272.05772742
 271.27097962 270.53073975 270.06676297 269.80962776 269.70074332
 269.69044046 269.7396293  269.82061072 269.91566242 270.0145239
 270.1118876  270.20540648 270.29430738 270.37851213 270.45812611
 270.53317516 270.60350776 270.66880802 270.72868088 270.78277715
 270.83092782 270.87326001 270.91027229 270.94285602 270.97225931
 271.        ]
2019-03-03 11:38:45,240 - modules.heatEquation - ERROR - [273.1600000000001, 273.09389384551866, 272.96999338646594, 272.598367619459, 272.0577815715832, 271.27100744197776, 270.53076173496504, 270.06677942777947, 269.80963955233847, 269.70075116655875, 269.69044519651726, 269.7396318294145, 269.8206118427197, 269.9156627230147, 270.0145237766665, 270.1118872912245, 270.2054061174997, 270.29430701042077, 270.3785117635346, 270.45812574568197, 270.5331747864803, 270.603507360293, 270.668807584139, 270.72868042308596, 270.7827766802272, 270.8309273594251, 270.87325958729497, 270.910271941016, 270.94285576230874, 270.9722591803566, 271.0]
2019-03-03 11:38:45,242 - modules.heatEquation - ERROR - Temperature exceeds 273.16 K
2019-03-03 11:38:45,243 - modules.heatEquation - ERROR - [273.16       273.09389385 272.96999339 272.59836762 272.05778157
 271.27100744 270.53076173 270.06677943 269.80963955 269.70075117
 269.6904452  269.73963183 269.82061184 269.91566272 270.01452378
 270.11188729 270.20540612 270.29430701 270.37851176 270.45812575
 270.53317479 270.60350736 270.66880758 270.72868042 270.78277668
 270.83092736 270.87325959 270.91027194 270.94285576 270.97225918
 271.        ]
2019-03-03 11:38:45,247 - modules.heatEquation - ERROR - [273.1600000000001, 273.0939239183306, 272.9700841030461, 272.5986331937922, 272.0578357953465, 271.2710352697199, 270.5307837189828, 270.0667958875338, 269.8096513496427, 269.7007590113821, 269.69044993071816, 269.7396343594139, 269.82061296242716, 269.9156630262142, 270.01452365749793, 270.11188698527843, 270.20540575002167, 270.29430663671934, 270.37851139821805, 270.45812538242086, 270.5331744111613, 270.60350695983726, 270.66880715224784, 270.728679963407, 270.78277620710014, 270.8309268964143, 270.8732591639591, 270.9102715886098, 270.94285550922405, 270.9722590480532, 271.0]
2019-03-03 11:38:45,249 - modules.heatEquation - ERROR - Temperature exceeds 273.16 K
2019-03-03 11:38:45,250 - modules.heatEquation - ERROR - [273.16       273.09392392 272.9700841  272.59863319 272.0578358
 271.27103527 270.53078372 270.06679589 269.80965135 269.70075901
 269.69044993 269.73963436 269.82061296 269.91566303 270.01452366
 270.11188699 270.20540575 270.29430664 270.3785114  270.45812538
 270.53317441 270.60350696 270.66880715 270.72867996 270.78277621
 270.8309269  270.87325916 270.91027159 270.94285551 270.97225905
 271.        ]
2019-03-03 11:38:45,254 - modules.heatEquation - ERROR - [273.1600000000001, 273.09395415116154, 272.9701747418589, 272.5988982779227, 272.05789009301725, 271.271063100121, 270.5308057030259, 270.0668123473567, 269.80966314700345, 269.7007668562725, 269.6904546649912, 269.7396368894765, 269.82061408218186, 269.915663329445, 270.01452353834804, 270.1118866793424, 270.20540538254807, 270.2943062630191, 270.37851103290103, 270.4581250191586, 270.53317403584134, 270.603506559381, 270.66880672035694, 270.72867950372915, 270.782775733975, 270.83092643340586, 270.8732587406257, 270.91027123620586, 270.94285525614106, 270.97225891575073, 271.0]
2019-03-03 11:38:45,257 - modules.heatEquation - ERROR - Temperature exceeds 273.16 K
2019-03-03 11:38:45,258 - modules.heatEquation - ERROR - [273.16       273.09395415 272.97017474 272.59889828 272.05789009
 271.2710631  270.5308057  270.06681235 269.80966315 269.70076686
 269.69045466 269.73963689 269.82061408 269.91566333 270.01452354
 270.11188668 270.20540538 270.29430626 270.37851103 270.45812502
 270.53317404 270.60350656 270.66880672 270.7286795  270.78277573
 270.83092643 270.87325874 270.91027124 270.94285526 270.97225892
 271.        ]
2019-03-03 11:38:45,264 - modules.heatEquation - ERROR - [273.1600000000001, 273.09398452211326, 272.9702653045048, 272.5991628730582, 272.05794446437164, 271.2710909331895, 270.5308276870947, 270.06682880724816, 269.8096749444207, 269.7007747012298, 269.69045939933636, 269.73963941960227, 269.8206152019838, 269.9156636327072, 270.0145234192169, 270.11188637341627, 270.20540501507884, 270.29430588932, 270.3785106675835, 270.45812465589523, 270.5331736605203, 270.60350615892423, 270.6688062884663, 270.72867904405246, 270.7827752608517, 270.8309259703998, 270.8732583172948, 270.9102708838042, 270.9428550030598, 270.97225878344915, 271.0]
2019-03-03 11:38:45,267 - modules.heatEquation - ERROR - Temperature exceeds 273.16 K
2019-03-03 11:38:45,268 - modules.heatEquation - ERROR - [273.16       273.09398452 272.9702653  272.59916287 272.05794446
 271.27109093 270.53082769 270.06682881 269.80967494 269.7007747
 269.6904594  269.73963942 269.8206152  269.91566363 270.01452342
 270.11188637 270.20540502 270.29430589 270.37851067 270.45812466
 270.53317366 270.60350616 270.66880629 270.72867904 270.78277526
 270.83092597 270.87325832 270.91027088 270.942855   270.97225878
 271.        ]
2019-03-03 11:38:45,271 - modules.heatEquation - ERROR - [273.1600000000001, 273.09401501191707, 272.97035579223075, 272.59942698040607, 272.05799890918644, 271.2711187689337, 270.53084967118934, 270.06684526720824, 269.80968674189444, 269.7007825462542, 269.69046413375366, 269.73964194979123, 269.82061632183303, 269.9156639360008, 270.01452330010454, 270.1118860675001, 270.205404647614, 270.2943055156221, 270.37851030226545, 270.45812429263077, 270.5331732851982, 270.60350575846695, 270.668805856576, 270.7286785843769, 270.78277478773026, 270.83092550739605, 270.8732578939664, 270.91027053140476, 270.9428547499802, 270.9722586511485, 271.0]
2019-03-03 11:38:45,273 - modules.heatEquation - ERROR - Temperature exceeds 273.16 K
2019-03-03 11:38:45,274 - modules.heatEquation - ERROR - [273.16       273.09401501 272.97035579 272.59942698 272.05799891
 271.27111877 270.53084967 270.06684527 269.80968674 269.70078255
 269.69046413 269.73964195 269.82061632 269.91566394 270.0145233
 270.11188607 270.20540465 270.29430552 270.3785103  270.45812429
 270.53317329 270.60350576 270.66880586 270.72867858 270.78277479
 270.83092551 270.87325789 270.91027053 270.94285475 270.97225865
 271.        ]
2019-03-03 11:38:45,277 - modules.heatEquation - ERROR - [273.1600000000001, 273.0940456036118, 272.9704462059768, 272.5996906011724, 272.058053427239, 271.27114660736197, 270.5308716553101, 270.06686172723687, 269.8096985394247, 269.7007903913455, 269.6904688682431, 269.73964448004335, 269.8206174417295, 269.91566423932574, 270.01452318101093, 270.11188576159395, 270.2054042801536, 270.29430514192535, 270.3785099369469, 270.4581239293652, 270.5331729098751, 270.60350535800916, 270.66880542468596, 270.72867812470247, 270.7827743146107, 270.83092504439463, 270.8732574706405, 270.9102701790076, 270.9428544969023, 270.9722585188487, 271.0]
2019-03-03 11:38:45,279 - modules.heatEquation - ERROR - Temperature exceeds 273.16 K
2019-03-03 11:38:45,280 - modules.heatEquation - ERROR - [273.16       273.0940456  272.97044621 272.5996906  272.05805343
 271.27114661 270.53087166 270.06686173 269.80969854 269.70079039
 269.69046887 269.73964448 269.82061744 269.91566424 270.01452318
 270.11188576 270.20540428 270.29430514 270.37850994 270.45812393
 270.53317291 270.60350536 270.66880542 270.72867812 270.78277431
 270.83092504 270.87325747 270.91027018 270.9428545  270.97225852
 271.        ]
2019-03-03 11:38:45,284 - modules.heatEquation - ERROR - [273.1600000000001, 273.09407628226086, 272.97053654641667, 272.599953736562, 272.0581080183071, 271.27117444848255, 270.5308936394571, 270.06687818733405, 269.80971033701144, 269.70079823650383, 269.6904736028047, 269.7396470103586, 269.8206185616732, 269.91566454268207, 270.0145230619361, 270.11188545569775, 270.20540391269753, 270.2943047682298, 270.37850957162783, 270.45812356609844, 270.5331725345509, 270.6035049575509, 270.66880499279625, 270.7286776650292, 270.78277384149305, 270.8309245813956, 270.87325704731705, 270.9102698266127, 270.94285424382616, 270.97225838654987, 271.0]
2019-03-03 11:38:45,286 - modules.heatEquation - ERROR - Temperature exceeds 273.16 K
2019-03-03 11:38:45,287 - modules.heatEquation - ERROR - [273.16       273.09407628 272.97053655 272.59995374 272.05810802
 271.27117445 270.53089364 270.06687819 269.80971034 269.70079824
 269.6904736  269.73964701 269.82061856 269.91566454 270.01452306
 270.11188546 270.20540391 270.29430477 270.37850957 270.45812357
 270.53317253 270.60350496 270.66880499 270.72867767 270.78277384
 270.83092458 270.87325705 270.91026983 270.94285424 270.97225839
 271.        ]
2019-03-03 11:38:45,290 - modules.heatEquation - ERROR - [273.1600000000001, 273.0941070347045, 272.97062681399296, 272.60021638777727, 272.0581626821694, 271.2712022923037, 270.53091562363056, 270.0668946474998, 269.8097221346547, 269.7008060817291, 269.6904783374383, 269.7396495407371, 269.82061968166414, 269.9156648460697, 270.01452294288, 270.1118851498115, 270.20540354524593, 270.29430439453535, 270.37850920630825, 270.45812320283056, 270.53317215922567, 270.60350455709215, 270.66880456090684, 270.72867720535703, 270.78277336837726, 270.8309241183989, 270.8732566239961, 270.91026947422006, 270.9428539907517, 270.9722582542519, 271.0]
2019-03-03 11:38:45,292 - modules.heatEquation - ERROR - Temperature exceeds 273.16 K
2019-03-03 11:38:45,293 - modules.heatEquation - ERROR - [273.16       273.09410703 272.97062681 272.60021639 272.05816268
 271.27120229 270.53091562 270.06689465 269.80972213 269.70080608
 269.69047834 269.73964954 269.82061968 269.91566485 270.01452294
 270.11188515 270.20540355 270.29430439 270.37850921 270.4581232
 270.53317216 270.60350456 270.66880456 270.72867721 270.78277337
 270.83092412 270.87325662 270.91026947 270.94285399 270.97225825
 271.        ]
2019-03-03 11:38:45,298 - modules.heatEquation - ERROR - [273.1600000000001, 273.0941378493422, 272.97071700894855, 272.60047855601823, 272.0582174186048, 271.27123013883363, 270.53093760783077, 270.0669111077341, 269.80973393235445, 269.70081392702144, 269.6904830721441, 269.73965207117874, 269.8206208017024, 269.91566514948875, 270.0145228238426, 270.11188484393523, 270.2054031777987, 270.2943040208421, 270.37850884098816, 270.4581228395616, 270.53317178389943, 270.6035041566329, 270.6688041290177, 270.728676745686, 270.78277289526335, 270.8309236554046, 270.87325620067764, 270.9102691218297, 270.94285373767894, 270.97225812195495, 271.0]
2019-03-03 11:38:45,300 - modules.heatEquation - ERROR - Temperature exceeds 273.16 K
2019-03-03 11:38:45,301 - modules.heatEquation - ERROR - [273.16       273.09413785 272.97071701 272.60047856 272.05821742
 271.27123014 270.53093761 270.06691111 269.80973393 269.70081393
 269.69048307 269.73965207 269.8206208  269.91566515 270.01452282
 270.11188484 270.20540318 270.29430402 270.37850884 270.45812284
 270.53317178 270.60350416 270.66880413 270.72867675 270.7827729
 270.83092366 270.8732562  270.91026912 270.94285374 270.97225812
 271.        ]
2019-03-03 11:38:45,304 - modules.heatEquation - ERROR - [273.1600000000001, 273.094168715942, 272.97080713135375, 272.600740242482, 272.058272227393, 271.27125798808055, 270.5309595920579, 270.06692756803693, 269.8097457301107, 269.7008217723807, 269.690487806922, 269.7396546016835, 269.82062192178785, 269.91566545293915, 270.01452270482395, 270.1118845380689, 270.2054028103559, 270.29430364715, 270.3785084756676, 270.4581224762915, 270.5331714085721, 270.6035037561731, 270.66880369712885, 270.7286762860162, 270.7827724221513, 270.8309231924126, 270.8732557773617, 270.91026876944153, 270.9428534846079, 270.9722579896589, 271.0]
2019-03-03 11:38:45,306 - modules.heatEquation - ERROR - Temperature exceeds 273.16 K
2019-03-03 11:38:45,307 - modules.heatEquation - ERROR - [273.16       273.09416872 272.97080713 272.60074024 272.05827223
 271.27125799 270.53095959 270.06692757 269.80974573 269.70082177
 269.69048781 269.7396546  269.82062192 269.91566545 270.0145227
 270.11188454 270.20540281 270.29430365 270.37850848 270.45812248
 270.53317141 270.60350376 270.6688037  270.72867629 270.78277242
 270.83092319 270.87325578 270.91026877 270.94285348 270.97225799
 271.        ]
2019-03-03 11:38:45,310 - modules.heatEquation - ERROR - [273.1600000000001, 273.09419962547304, 272.9708971811301, 272.60100144836247, 272.0583271083142, 271.27128584005266, 270.5309815763122, 270.06694402840833, 269.80975752792347, 269.700829617807, 269.6904925417721, 269.7396571322515, 269.82062304192056, 269.91566575642094, 270.01452258582407, 270.11188423221256, 270.2054024429175, 270.29430327345904, 270.37850811034656, 270.4581221130203, 270.5331710332438, 270.6035033557128, 270.6688032652403, 270.7286758263475, 270.78277194904115, 270.830922729423, 270.8732553540482, 270.91026841705565, 270.94285323153855, 270.97225785736373, 271.0]
2019-03-03 11:38:45,312 - modules.heatEquation - ERROR - Temperature exceeds 273.16 K
2019-03-03 11:38:45,313 - modules.heatEquation - ERROR - [273.16       273.09419963 272.97089718 272.60100145 272.05832711
 271.27128584 270.53098158 270.06694403 269.80975753 269.70082962
 269.69049254 269.73965713 269.82062304 269.91566576 270.01452259
 270.11188423 270.20540244 270.29430327 270.37850811 270.45812211
 270.53317103 270.60350336 270.66880327 270.72867583 270.78277195
 270.83092273 270.87325535 270.91026842 270.94285323 270.97225786
 271.        ]
2019-03-03 11:38:45,317 - modules.heatEquation - ERROR - [273.1600000000001, 273.0942305699592, 272.9709871580714, 272.6012621748501, 272.05838206114913, 271.2713136947581, 270.5310035605938, 270.0669604888483, 269.8097693257928, 269.7008374633003, 269.6904972766942, 269.7396596628827, 269.8206241621005, 269.91566605993404, 270.01452246684295, 270.1118839263662, 270.2054020754835, 270.29430289976926, 270.378507745025, 270.45812174974793, 270.5331706579144, 270.60350295525205, 270.668802833352, 270.72867536667997, 270.78277147593286, 270.8309222664357, 270.8732549307372, 270.91026806467204, 270.9428529784709, 270.9722577250695, 271.0]
2019-03-03 11:38:45,319 - modules.heatEquation - ERROR - Temperature exceeds 273.16 K
2019-03-03 11:38:45,320 - modules.heatEquation - ERROR - [273.16       273.09423057 272.97098716 272.60126217 272.05838206
 271.27131369 270.53100356 270.06696049 269.80976933 269.70083746
 269.69049728 269.73965966 269.82062416 269.91566606 270.01452247
 270.11188393 270.20540208 270.2943029  270.37850775 270.45812175
 270.53317066 270.60350296 270.66880283 270.72867537 270.78277148
 270.83092227 270.87325493 270.91026806 270.94285298 270.97225773
 271.        ]
2019-03-03 11:38:45,323 - modules.heatEquation - ERROR - [273.1600000000001, 273.09426154235007, 272.97107706186176, 272.6015224231316, 272.0584370856792, 271.27134155220494, 270.531025544903, 270.06697694935673, 269.8097811237186, 269.70084530886055, 269.69050201168847, 269.739662193577, 269.82062528232774, 269.9156663634785, 270.0145223478806, 270.1118836205298, 270.2054017080539, 270.2943025260806, 270.3785073797029, 270.4581213864745, 270.533170282584, 270.6035025547908, 270.668802401464, 270.72867490701356, 270.78277100282645, 270.8309218034508, 270.87325450742867, 270.9102677122907, 270.942852725405, 270.97225759277615, 271.0]
2019-03-03 11:38:45,325 - modules.heatEquation - ERROR - Temperature exceeds 273.16 K
2019-03-03 11:38:45,327 - modules.heatEquation - ERROR - [273.16       273.09426154 272.97107706 272.60152242 272.05843709
 271.27134155 270.53102554 270.06697695 269.80978112 269.70084531
 269.69050201 269.73966219 269.82062528 269.91566636 270.01452235
 270.11188362 270.20540171 270.29430253 270.37850738 270.45812139
 270.53317028 270.60350255 270.6688024  270.72867491 270.782771
 270.8309218  270.87325451 270.91026771 270.94285273 270.97225759
 271.        ]
2019-03-03 11:38:45,333 - modules.heatEquation - ERROR - [273.1600000000001, 273.09429253640815, 272.97116689209173, 272.60178219438984, 272.0584921816863, 271.2713694124013, 270.53104752924, 270.06699340993373, 269.80979292170093, 269.7008531544878, 269.69050674675486, 269.7396647243345, 269.8206264026022, 269.9156666670544, 270.014522228937, 270.1118833147034, 270.2054013406287, 270.2943021523932, 270.3785070143803, 270.4581210231999, 270.53316990725256, 270.603502154329, 270.6688019695763, 270.7286744473483, 270.7827705297219, 270.8309213404682, 270.87325408412266, 270.9102673599116, 270.94285247234075, 270.9722574604837, 271.0]
2019-03-03 11:38:45,335 - modules.heatEquation - ERROR - Temperature exceeds 273.16 K
2019-03-03 11:38:45,336 - modules.heatEquation - ERROR - [273.16       273.09429254 272.97116689 272.60178219 272.05849218
 271.27136941 270.53104753 270.06699341 269.80979292 269.70085315
 269.69050675 269.73966472 269.8206264  269.91566667 270.01452223
 270.11188331 270.20540134 270.29430215 270.37850701 270.45812102
 270.53316991 270.60350215 270.66880197 270.72867445 270.78277053
 270.83092134 270.87325408 270.91026736 270.94285247 270.97225746
 271.        ]
2019-03-03 11:38:45,340 - modules.heatEquation - ERROR - [273.1600000000001, 273.09432354660987, 272.9712566482723, 272.6020414898036, 272.05854734895286, 271.27139727535524, 270.5310695136051, 270.0670098705793, 269.80980471973976, 269.70086100018204, 269.6905114818934, 269.73966725515515, 269.8206275229239, 269.9156669706616, 270.01452211001214, 270.11188300888693, 270.20540097320793, 270.2943017787069, 270.3785066490572, 270.4581206599242, 270.53316953192007, 270.60350175386674, 270.66880153768886, 270.72867398768415, 270.7827700566192, 270.830920877488, 270.8732536608191, 270.91026700753474, 270.9428522192782, 270.9722573281922, 271.0]
2019-03-03 11:38:45,341 - modules.heatEquation - ERROR - Temperature exceeds 273.16 K
2019-03-03 11:38:45,343 - modules.heatEquation - ERROR - [273.16       273.09432355 272.97125665 272.60204149 272.05854735
 271.27139728 270.53106951 270.06700987 269.80980472 269.700861
 269.69051148 269.73966726 269.82062752 269.91566697 270.01452211
 270.11188301 270.20540097 270.29430178 270.37850665 270.45812066
 270.53316953 270.60350175 270.66880154 270.72867399 270.78277006
 270.83092088 270.87325366 270.91026701 270.94285222 270.97225733
 271.        ]
2019-03-03 11:38:45,346 - modules.heatEquation - ERROR - [273.1600000000001, 273.09435456805886, 272.97134632984705, 272.60230031054743, 272.05860258726193, 271.27142514107476, 270.5310914979983, 270.06702633129333, 269.80981651783515, 269.70086884594326, 269.690516217104, 269.739669786039, 269.8206286432929, 269.91566727430023, 270.014521991106, 270.1118827030804, 270.2054006057915, 270.29430140502177, 270.3785062837336, 270.45812029664734, 270.53316915658655, 270.60350135340394, 270.6688011058017, 270.72867352802115, 270.78276958351836, 270.8309204145101, 270.87325323751804, 270.91026665516017, 270.9428519662174, 270.9722571959016, 271.0]
2019-03-03 11:38:45,348 - modules.heatEquation - ERROR - Temperature exceeds 273.16 K
2019-03-03 11:38:45,350 - modules.heatEquation - ERROR - [273.16       273.09435457 272.97134633 272.60230031 272.05860259
 271.27142514 270.5310915  270.06702633 269.80981652 269.70086885
 269.69051622 269.73966979 269.82062864 269.91566727 270.01452199
 270.1118827  270.20540061 270.29430141 270.37850628 270.4581203
 270.53316916 270.60350135 270.66880111 270.72867353 270.78276958
 270.83092041 270.87325324 270.91026666 270.94285197 270.9722572
 271.        ]
2019-03-03 11:38:45,353 - modules.heatEquation - ERROR - [273.1600000000001, 273.09438559640944, 272.97143593620285, 272.60255865779175, 272.05865789639716, 271.2714530095679, 270.53111348242004, 270.0670427920759, 269.80982831598703, 269.7008766917715, 269.69052095238675, 269.73967231698595, 269.8206297637091, 269.9156675779702, 270.0145218722186, 270.1118823972839, 270.2054002383795, 270.2943010313378, 270.37850591840953, 270.4581199333694, 270.53316878125196, 270.60350095294064, 270.6688006739149, 270.7286730683593, 270.7827691104194, 270.8309199515346, 270.8732528142195, 270.9102663027879, 270.9428517131583, 270.97225706361195, 271.0]
2019-03-03 11:38:45,354 - modules.heatEquation - ERROR - Temperature exceeds 273.16 K
2019-03-03 11:38:45,355 - modules.heatEquation - ERROR - [273.16       273.0943856  272.97143594 272.60255866 272.0586579
 271.27145301 270.53111348 270.06704279 269.80982832 269.70087669
 269.69052095 269.73967232 269.82062976 269.91566758 270.01452187
 270.1118824  270.20540024 270.29430103 270.37850592 270.45811993
 270.53316878 270.60350095 270.66880067 270.72867307 270.78276911
 270.83091995 270.87325281 270.9102663  270.94285171 270.97225706
 271.        ]
2019-03-03 11:38:45,358 - modules.heatEquation - ERROR - [273.1600000000001, 273.0944166278002, 272.9715254666792, 272.6028165327024, 272.05871327614267, 271.2714808808426, 270.53113546687047, 270.067059252927, 269.8098401141954, 269.7008845376667, 269.6905256877416, 269.7396748479961, 269.8206308841726, 269.91566788167154, 270.01452175335, 270.11188209149736, 270.2053998709719, 270.294300657655, 270.37850555308495, 270.45811957009033, 270.53316840591634, 270.6035005524769, 270.6688002420284, 270.72867260869856, 270.7827686373223, 270.83091948856145, 270.8732523909234, 270.9102659504178, 270.9428514601009, 270.9722569313232, 271.0]
2019-03-03 11:38:45,360 - modules.heatEquation - ERROR - Temperature exceeds 273.16 K
2019-03-03 11:38:45,363 - modules.heatEquation - ERROR - [273.16       273.09441663 272.97152547 272.60281653 272.05871328
 271.27148088 270.53113547 270.06705925 269.80984011 269.70088454
 269.69052569 269.73967485 269.82063088 269.91566788 270.01452175
 270.11188209 270.20539987 270.29430066 270.37850555 270.45811957
 270.53316841 270.60350055 270.66880024 270.72867261 270.78276864
 270.83091949 270.87325239 270.91026595 270.94285146 270.97225693
 271.        ]
2019-03-03 11:38:45,366 - modules.heatEquation - ERROR - [273.1600000000001, 273.09444765879505, 272.97161492057654, 272.60307393644075, 272.0587687262832, 271.27150875490685, 270.53115745134977, 270.0670757138466, 269.8098519124604, 269.70089238362885, 269.6905304231686, 269.73967737906946, 269.8206320046833, 269.91566818540423, 270.0145216345001, 270.11188178572075, 270.20539950356874, 270.29430028397337, 270.37850518775986, 270.4581192068101, 270.5331680305797, 270.6035001520126, 270.66879981014216, 270.72867214903897, 270.7827681642271, 270.8309190255906, 270.8732519676298, 270.91026559805, 270.9428512070452, 270.9722567990354, 271.0]
2019-03-03 11:38:45,368 - modules.heatEquation - ERROR - Temperature exceeds 273.16 K
2019-03-03 11:38:45,369 - modules.heatEquation - ERROR - [273.16       273.09444766 272.97161492 272.60307394 272.05876873
 271.27150875 270.53115745 270.06707571 269.80985191 269.70089238
 269.69053042 269.73967738 269.820632   269.91566819 270.01452163
 270.11188179 270.2053995  270.29430028 270.37850519 270.45811921
 270.53316803 270.60350015 270.66879981 270.72867215 270.78276816
 270.83091903 270.87325197 270.9102656  270.94285121 270.9722568
 271.        ]
2019-03-03 11:38:45,374 - modules.heatEquation - ERROR - [273.1600000000001, 273.094478686332, 272.971704297163, 272.6033308701638, 272.05882424660393, 271.2715366317685, 270.53117943585823, 270.06709217483467, 269.8098637107818, 269.70090022965803, 269.69053515866767, 269.73967991020595, 269.8206331252413, 269.9156684891683, 270.014521515669, 270.11188147995415, 270.20539913616994, 270.2942999102929, 270.37850482243425, 270.4581188435288, 270.533167655242, 270.6034997515478, 270.6687993782562, 270.7286716893805, 270.78276769113376, 270.8309185626222, 270.8732515443387, 270.91026524568446, 270.9428509539912, 270.9722566667485, 271.0]
2019-03-03 11:38:45,377 - modules.heatEquation - ERROR - Temperature exceeds 273.16 K
2019-03-03 11:38:45,378 - modules.heatEquation - ERROR - [273.16       273.09447869 272.9717043  272.60333087 272.05882425
 271.27153663 270.53117944 270.06709217 269.80986371 269.70090023
 269.69053516 269.73967991 269.82063313 269.91566849 270.01452152
 270.11188148 270.20539914 270.29429991 270.37850482 270.45811884
 270.53316766 270.60349975 270.66879938 270.72867169 270.78276769
 270.83091856 270.87325154 270.91026525 270.94285095 270.97225667
 271.        ]
2019-03-03 11:38:45,383 - modules.heatEquation - ERROR - [273.1600000000001, 273.09450970767807, 272.9717935956809, 272.6035873350238, 272.05887983689075, 271.27156451143554, 270.53120142039603, 270.06710863589126, 269.80987550915984, 269.70090807575417, 269.69053989423884, 269.7396824414056, 269.8206342458465, 269.91566879296374, 270.01452139685665, 270.1118811741975, 270.2053987687756, 270.2942995366136, 270.37850445710814, 270.45811848024636, 270.53316727990324, 270.6034993510825, 270.66879894637054, 270.7286712297232, 270.7827672180423, 270.83091809965606, 270.8732511210501, 270.9102648933212, 270.94285070093895, 270.9722565344625, 271.0]
2019-03-03 11:38:45,387 - modules.heatEquation - ERROR - Temperature exceeds 273.16 K
2019-03-03 11:38:45,388 - modules.heatEquation - ERROR - [273.16       273.09450971 272.9717936  272.60358734 272.05887984
 271.27156451 270.53120142 270.06710864 269.80987551 269.70090808
 269.69053989 269.73968244 269.82063425 269.91566879 270.0145214
 270.11188117 270.20539877 270.29429954 270.37850446 270.45811848
 270.53316728 270.60349935 270.66879895 270.72867123 270.78276722
 270.8309181  270.87325112 270.91026489 270.9428507  270.97225653
 271.        ]
2019-03-03 11:38:45,392 - modules.heatEquation - ERROR - [273.1600000000001, 273.09454072038943, 272.9718828153521, 272.60384333216854, 272.05893549693, 271.27159239391574, 270.5312234049634, 270.06712509701634, 269.80988730759435, 269.70091592191733, 269.69054462988214, 269.73968497266844, 269.820635366499, 269.91566909679057, 270.01452127806306, 270.11188086845084, 270.2053984013856, 270.2942991629355, 270.3785040917815, 270.4581181169628, 270.5331669045635, 270.6034989506167, 270.66879851448516, 270.728670770067, 270.7827667449527, 270.8309176366923, 270.873250697764, 270.91026454096016, 270.9428504478884, 270.9722564021774, 271.0]
2019-03-03 11:38:45,393 - modules.heatEquation - ERROR - Temperature exceeds 273.16 K
2019-03-03 11:38:45,395 - modules.heatEquation - ERROR - [273.16       273.09454072 272.97188282 272.60384333 272.0589355
 271.27159239 270.5312234  270.0671251  269.80988731 269.70091592
 269.69054463 269.73968497 269.82063537 269.9156691  270.01452128
 270.11188087 270.2053984  270.29429916 270.37850409 270.45811812
 270.5331669  270.60349895 270.66879851 270.72867077 270.78276674
 270.83091764 270.8732507  270.91026454 270.94285045 270.9722564
 271.        ]
2019-03-03 11:38:45,399 - modules.heatEquation - ERROR - [273.1600000000001, 273.094571722277, 272.9719719553827, 272.604098862741, 272.0589912265087, 271.271620279217, 270.5312453895605, 270.0671415582099, 269.8098991060854, 269.70092376814745, 269.6905493655975, 269.73968750399445, 269.8206364871987, 269.91566940064877, 270.0145211592882, 270.11188056271413, 270.20539803400004, 270.2942987892585, 270.3785037264544, 270.4581177536781, 270.5331665292227, 270.60349855015045, 270.66879808260006, 270.728670310412, 270.782766271865, 270.8309171737309, 270.8732502744803, 270.9102641886014, 270.9428501948396, 270.9722562698932, 271.0]
2019-03-03 11:38:45,401 - modules.heatEquation - ERROR - Temperature exceeds 273.16 K
2019-03-03 11:38:45,402 - modules.heatEquation - ERROR - [273.16       273.09457172 272.97197196 272.60409886 272.05899123
 271.27162028 270.53124539 270.06714156 269.80989911 269.70092377
 269.69054937 269.7396875  269.82063649 269.9156694  270.01452116
 270.11188056 270.20539803 270.29429879 270.37850373 270.45811775
 270.53316653 270.60349855 270.66879808 270.72867031 270.78276627
 270.83091717 270.87325027 270.91026419 270.94285019 270.97225627
 271.        ]
2019-03-03 11:38:45,406 - modules.heatEquation - ERROR - [273.1600000000001, 273.0945747125246, 272.9719805490566, 272.6041234748772, 272.05899661074216, 271.2716229702412, 270.53124751093486, 270.06714314661525, 269.80990024456895, 269.7009245252644, 269.6905498225704, 269.73968774825715, 269.82063659534356, 269.9156694299721, 270.01452114782904, 270.1118805332135, 270.20539799855015, 270.2942987532012, 270.3785036912027, 270.4581177186234, 270.5331664930046, 270.603498511508, 270.668798040926, 270.7286702660584, 270.7827662262153, 270.8309171290583, 270.87325023363644, 270.91026415460124, 270.94285017042216, 270.9722562571287, 271.0]
